[2024-08-10T21:26:02.466+0100] {local_task_job_runner.py:120} INFO - ::group::Pre task execution logs
[2024-08-10T21:26:02.540+0100] {taskinstance.py:2076} INFO - Dependencies all met for dep_context=non-requeueable deps ti=<TaskInstance: jobs_etl.jungle_scraper scheduled__2024-08-09T18:00:00+00:00 [queued]>
[2024-08-10T21:26:02.554+0100] {taskinstance.py:2076} INFO - Dependencies all met for dep_context=requeueable deps ti=<TaskInstance: jobs_etl.jungle_scraper scheduled__2024-08-09T18:00:00+00:00 [queued]>
[2024-08-10T21:26:02.555+0100] {taskinstance.py:2306} INFO - Starting attempt 1 of 2
[2024-08-10T21:26:02.574+0100] {taskinstance.py:2330} INFO - Executing <Task(PythonOperator): jungle_scraper> on 2024-08-09 18:00:00+00:00
[2024-08-10T21:26:02.596+0100] {standard_task_runner.py:63} INFO - Started process 894602 to run task
[2024-08-10T21:26:02.601+0100] {standard_task_runner.py:90} INFO - Running: ['airflow', 'tasks', 'run', 'jobs_etl', 'jungle_scraper', 'scheduled__2024-08-09T18:00:00+00:00', '--job-id', '336', '--raw', '--subdir', 'DAGS_FOLDER/jobs_etl.py', '--cfg-path', '/tmp/tmpbq23lzua']
[2024-08-10T21:26:02.605+0100] {standard_task_runner.py:91} INFO - Job 336: Subtask jungle_scraper
[2024-08-10T21:26:02.720+0100] {task_command.py:426} INFO - Running <TaskInstance: jobs_etl.jungle_scraper scheduled__2024-08-09T18:00:00+00:00 [running]> on host huser
[2024-08-10T21:26:02.899+0100] {taskinstance.py:2648} INFO - Exporting env vars: AIRFLOW_CTX_DAG_EMAIL='hassounibarka@gmail.com' AIRFLOW_CTX_DAG_OWNER='airflow' AIRFLOW_CTX_DAG_ID='jobs_etl' AIRFLOW_CTX_TASK_ID='jungle_scraper' AIRFLOW_CTX_EXECUTION_DATE='2024-08-09T18:00:00+00:00' AIRFLOW_CTX_TRY_NUMBER='1' AIRFLOW_CTX_DAG_RUN_ID='scheduled__2024-08-09T18:00:00+00:00'
[2024-08-10T21:26:02.900+0100] {taskinstance.py:430} INFO - ::endgroup::
[2024-08-10T21:26:19.716+0100] {logging_mixin.py:188} INFO - Error Keyword ..
[2024-08-10T21:26:19.717+0100] {logging_mixin.py:188} INFO - 0 Jobs for data Scientist
[2024-08-10T21:26:19.718+0100] {logging_mixin.py:188} INFO - data Scientist Job extraction ...
[2024-08-10T21:26:32.519+0100] {logging_mixin.py:188} INFO - Error Keyword ..
[2024-08-10T21:26:32.527+0100] {logging_mixin.py:188} INFO - 0 Jobs for data analyst
[2024-08-10T21:26:32.528+0100] {logging_mixin.py:188} INFO - data analyst Job extraction ...
[2024-08-10T21:26:45.719+0100] {logging_mixin.py:188} INFO - Error Keyword ..
[2024-08-10T21:26:45.721+0100] {logging_mixin.py:188} INFO - 0 Jobs for data engineer
[2024-08-10T21:26:45.721+0100] {logging_mixin.py:188} INFO - data engineer Job extraction ...
[2024-08-10T21:26:57.778+0100] {logging_mixin.py:188} INFO - Error Keyword ..
[2024-08-10T21:26:57.778+0100] {logging_mixin.py:188} INFO - 0 Jobs for web developer
[2024-08-10T21:26:57.778+0100] {logging_mixin.py:188} INFO - web developer Job extraction ...
[2024-08-10T21:27:10.465+0100] {logging_mixin.py:188} INFO - Error Keyword ..
[2024-08-10T21:27:10.557+0100] {logging_mixin.py:188} INFO - 0 Jobs for mobile developer
[2024-08-10T21:27:10.557+0100] {logging_mixin.py:188} INFO - mobile developer Job extraction ...
[2024-08-10T21:27:10.604+0100] {logging_mixin.py:188} INFO - Done
[2024-08-10T21:27:10.636+0100] {logging_mixin.py:188} INFO - Done!
[2024-08-10T21:27:10.636+0100] {python.py:237} INFO - Done. Returned value was: None
[2024-08-10T21:27:10.637+0100] {taskinstance.py:441} INFO - ::group::Post task execution logs
[2024-08-10T21:27:10.711+0100] {taskinstance.py:1206} INFO - Marking task as SUCCESS. dag_id=jobs_etl, task_id=jungle_scraper, run_id=scheduled__2024-08-09T18:00:00+00:00, execution_date=20240809T180000, start_date=20240810T202602, end_date=20240810T202710
[2024-08-10T21:27:10.797+0100] {local_task_job_runner.py:240} INFO - Task exited with return code 0
[2024-08-10T21:27:10.843+0100] {taskinstance.py:3498} INFO - 1 downstream tasks scheduled from follow-on schedule check
[2024-08-10T21:27:10.844+0100] {local_task_job_runner.py:222} INFO - ::endgroup::
