[2024-07-19T19:00:03.824+0100] {local_task_job_runner.py:120} INFO - ::group::Pre task execution logs
[2024-07-19T19:00:03.869+0100] {taskinstance.py:2076} INFO - Dependencies all met for dep_context=non-requeueable deps ti=<TaskInstance: jobs_etl.jungle_scraper scheduled__2024-07-18T18:00:00+00:00 [queued]>
[2024-07-19T19:00:03.875+0100] {taskinstance.py:2076} INFO - Dependencies all met for dep_context=requeueable deps ti=<TaskInstance: jobs_etl.jungle_scraper scheduled__2024-07-18T18:00:00+00:00 [queued]>
[2024-07-19T19:00:03.875+0100] {taskinstance.py:2306} INFO - Starting attempt 1 of 2
[2024-07-19T19:00:03.887+0100] {taskinstance.py:2330} INFO - Executing <Task(PythonOperator): jungle_scraper> on 2024-07-18 18:00:00+00:00
[2024-07-19T19:00:03.892+0100] {standard_task_runner.py:63} INFO - Started process 174042 to run task
[2024-07-19T19:00:03.896+0100] {standard_task_runner.py:90} INFO - Running: ['airflow', 'tasks', 'run', 'jobs_etl', 'jungle_scraper', 'scheduled__2024-07-18T18:00:00+00:00', '--job-id', '167', '--raw', '--subdir', 'DAGS_FOLDER/jobs_etl.py', '--cfg-path', '/tmp/tmphapgsmpp']
[2024-07-19T19:00:03.899+0100] {standard_task_runner.py:91} INFO - Job 167: Subtask jungle_scraper
[2024-07-19T19:00:03.969+0100] {task_command.py:426} INFO - Running <TaskInstance: jobs_etl.jungle_scraper scheduled__2024-07-18T18:00:00+00:00 [running]> on host huser
[2024-07-19T19:00:04.111+0100] {taskinstance.py:2648} INFO - Exporting env vars: AIRFLOW_CTX_DAG_EMAIL='hassounibarka@gmail.com' AIRFLOW_CTX_DAG_OWNER='airflow' AIRFLOW_CTX_DAG_ID='jobs_etl' AIRFLOW_CTX_TASK_ID='jungle_scraper' AIRFLOW_CTX_EXECUTION_DATE='2024-07-18T18:00:00+00:00' AIRFLOW_CTX_TRY_NUMBER='1' AIRFLOW_CTX_DAG_RUN_ID='scheduled__2024-07-18T18:00:00+00:00'
[2024-07-19T19:00:04.112+0100] {taskinstance.py:430} INFO - ::endgroup::
[2024-07-19T19:02:23.848+0100] {logging_mixin.py:188} INFO - Error Keyword ..
[2024-07-19T19:02:23.848+0100] {logging_mixin.py:188} INFO - 0 Jobs for data Scientist
[2024-07-19T19:02:23.848+0100] {logging_mixin.py:188} INFO - data Scientist Job extraction ...
[2024-07-19T19:04:41.894+0100] {logging_mixin.py:188} INFO - Error Keyword ..
[2024-07-19T19:04:41.894+0100] {logging_mixin.py:188} INFO - 0 Jobs for data analyst
[2024-07-19T19:04:41.894+0100] {logging_mixin.py:188} INFO - data analyst Job extraction ...
[2024-07-19T19:06:24.883+0100] {logging_mixin.py:188} INFO - Error Keyword ..
[2024-07-19T19:06:24.883+0100] {logging_mixin.py:188} INFO - 0 Jobs for data engineer
[2024-07-19T19:06:24.883+0100] {logging_mixin.py:188} INFO - data engineer Job extraction ...
[2024-07-19T19:08:42.686+0100] {logging_mixin.py:188} INFO - Error Keyword ..
[2024-07-19T19:08:42.687+0100] {logging_mixin.py:188} INFO - 0 Jobs for web developer
[2024-07-19T19:08:42.687+0100] {logging_mixin.py:188} INFO - web developer Job extraction ...
[2024-07-19T19:10:27.064+0100] {logging_mixin.py:188} INFO - Error Keyword ..
[2024-07-19T19:10:27.064+0100] {logging_mixin.py:188} INFO - 0 Jobs for mobile developer
[2024-07-19T19:10:27.064+0100] {logging_mixin.py:188} INFO - mobile developer Job extraction ...
[2024-07-19T19:10:27.065+0100] {logging_mixin.py:188} INFO - Done
[2024-07-19T19:10:27.068+0100] {logging_mixin.py:188} INFO - Done!
[2024-07-19T19:10:27.069+0100] {python.py:237} INFO - Done. Returned value was: None
[2024-07-19T19:10:27.069+0100] {taskinstance.py:441} INFO - ::group::Post task execution logs
[2024-07-19T19:10:27.085+0100] {taskinstance.py:1206} INFO - Marking task as SUCCESS. dag_id=jobs_etl, task_id=jungle_scraper, run_id=scheduled__2024-07-18T18:00:00+00:00, execution_date=20240718T180000, start_date=20240719T180003, end_date=20240719T181027
[2024-07-19T19:10:27.124+0100] {local_task_job_runner.py:240} INFO - Task exited with return code 0
[2024-07-19T19:10:27.155+0100] {taskinstance.py:3498} INFO - 1 downstream tasks scheduled from follow-on schedule check
[2024-07-19T19:10:27.157+0100] {local_task_job_runner.py:222} INFO - ::endgroup::
