[2024-07-18T19:15:43.278+0100] {local_task_job_runner.py:120} INFO - ::group::Pre task execution logs
[2024-07-18T19:15:43.313+0100] {taskinstance.py:2076} INFO - Dependencies all met for dep_context=non-requeueable deps ti=<TaskInstance: jobs_etl.jungle_scraper scheduled__2024-07-17T18:00:00+00:00 [queued]>
[2024-07-18T19:15:43.322+0100] {taskinstance.py:2076} INFO - Dependencies all met for dep_context=requeueable deps ti=<TaskInstance: jobs_etl.jungle_scraper scheduled__2024-07-17T18:00:00+00:00 [queued]>
[2024-07-18T19:15:43.322+0100] {taskinstance.py:2306} INFO - Starting attempt 2 of 2
[2024-07-18T19:15:43.333+0100] {taskinstance.py:2330} INFO - Executing <Task(PythonOperator): jungle_scraper> on 2024-07-17 18:00:00+00:00
[2024-07-18T19:15:43.339+0100] {standard_task_runner.py:63} INFO - Started process 29081 to run task
[2024-07-18T19:15:43.343+0100] {standard_task_runner.py:90} INFO - Running: ['airflow', 'tasks', 'run', 'jobs_etl', 'jungle_scraper', 'scheduled__2024-07-17T18:00:00+00:00', '--job-id', '160', '--raw', '--subdir', 'DAGS_FOLDER/jobs_etl.py', '--cfg-path', '/tmp/tmp6593jr7f']
[2024-07-18T19:15:43.345+0100] {standard_task_runner.py:91} INFO - Job 160: Subtask jungle_scraper
[2024-07-18T19:15:43.420+0100] {task_command.py:426} INFO - Running <TaskInstance: jobs_etl.jungle_scraper scheduled__2024-07-17T18:00:00+00:00 [running]> on host huser
[2024-07-18T19:15:43.539+0100] {taskinstance.py:2648} INFO - Exporting env vars: AIRFLOW_CTX_DAG_EMAIL='hassounibarka@gmail.com' AIRFLOW_CTX_DAG_OWNER='airflow' AIRFLOW_CTX_DAG_ID='jobs_etl' AIRFLOW_CTX_TASK_ID='jungle_scraper' AIRFLOW_CTX_EXECUTION_DATE='2024-07-17T18:00:00+00:00' AIRFLOW_CTX_TRY_NUMBER='2' AIRFLOW_CTX_DAG_RUN_ID='scheduled__2024-07-17T18:00:00+00:00'
[2024-07-18T19:15:43.540+0100] {taskinstance.py:430} INFO - ::endgroup::
[2024-07-18T19:20:44.254+0100] {logging_mixin.py:188} INFO - Error Keyword ..
[2024-07-18T19:20:44.254+0100] {logging_mixin.py:188} INFO - 0 Jobs for data Scientist
[2024-07-18T19:20:44.312+0100] {logging_mixin.py:188} INFO - data Scientist Job extraction ...
[2024-07-18T19:25:44.982+0100] {logging_mixin.py:188} INFO - Error Keyword ..
[2024-07-18T19:25:44.982+0100] {logging_mixin.py:188} INFO - 0 Jobs for data analyst
[2024-07-18T19:25:45.035+0100] {logging_mixin.py:188} INFO - data analyst Job extraction ...
[2024-07-18T19:30:45.794+0100] {logging_mixin.py:188} INFO - Error Keyword ..
[2024-07-18T19:30:45.795+0100] {logging_mixin.py:188} INFO - 0 Jobs for data engineer
[2024-07-18T19:30:45.852+0100] {logging_mixin.py:188} INFO - data engineer Job extraction ...
[2024-07-18T19:35:46.532+0100] {logging_mixin.py:188} INFO - Error Keyword ..
[2024-07-18T19:35:46.532+0100] {logging_mixin.py:188} INFO - 0 Jobs for web developer
[2024-07-18T19:35:46.588+0100] {logging_mixin.py:188} INFO - web developer Job extraction ...
[2024-07-18T19:40:47.265+0100] {logging_mixin.py:188} INFO - Error Keyword ..
[2024-07-18T19:40:47.265+0100] {logging_mixin.py:188} INFO - 0 Jobs for mobile developer
[2024-07-18T19:40:47.319+0100] {logging_mixin.py:188} INFO - mobile developer Job extraction ...
[2024-07-18T19:40:47.322+0100] {logging_mixin.py:188} INFO - Done
[2024-07-18T19:40:47.340+0100] {logging_mixin.py:188} INFO - Done!
[2024-07-18T19:40:47.341+0100] {python.py:237} INFO - Done. Returned value was: None
[2024-07-18T19:40:47.342+0100] {taskinstance.py:441} INFO - ::group::Post task execution logs
[2024-07-18T19:40:47.368+0100] {taskinstance.py:1206} INFO - Marking task as SUCCESS. dag_id=jobs_etl, task_id=jungle_scraper, run_id=scheduled__2024-07-17T18:00:00+00:00, execution_date=20240717T180000, start_date=20240718T181543, end_date=20240718T184047
[2024-07-18T19:40:47.421+0100] {local_task_job_runner.py:240} INFO - Task exited with return code 0
[2024-07-18T19:40:47.473+0100] {taskinstance.py:3498} INFO - 1 downstream tasks scheduled from follow-on schedule check
[2024-07-18T19:40:47.476+0100] {local_task_job_runner.py:222} INFO - ::endgroup::
