[2024-09-10T13:04:26.521+0100] {processor.py:161} INFO - Started process (PID=213294) to work on /home/huser/airflow_workspace/airflow/dags/Jobs/Load_Data.py
[2024-09-10T13:04:26.524+0100] {processor.py:830} INFO - Processing file /home/huser/airflow_workspace/airflow/dags/Jobs/Load_Data.py for tasks to queue
[2024-09-10T13:04:26.525+0100] {logging_mixin.py:188} INFO - [2024-09-10T13:04:26.525+0100] {dagbag.py:545} INFO - Filling up the DagBag from /home/huser/airflow_workspace/airflow/dags/Jobs/Load_Data.py
[2024-09-10T13:04:26.964+0100] {processor.py:842} WARNING - No viable dags retrieved from /home/huser/airflow_workspace/airflow/dags/Jobs/Load_Data.py
[2024-09-10T13:04:27.011+0100] {processor.py:183} INFO - Processing /home/huser/airflow_workspace/airflow/dags/Jobs/Load_Data.py took 0.508 seconds
[2024-09-10T13:05:00.784+0100] {processor.py:161} INFO - Started process (PID=214439) to work on /home/huser/airflow_workspace/airflow/dags/Jobs/Load_Data.py
[2024-09-10T13:05:00.786+0100] {processor.py:830} INFO - Processing file /home/huser/airflow_workspace/airflow/dags/Jobs/Load_Data.py for tasks to queue
[2024-09-10T13:05:00.788+0100] {logging_mixin.py:188} INFO - [2024-09-10T13:05:00.787+0100] {dagbag.py:545} INFO - Filling up the DagBag from /home/huser/airflow_workspace/airflow/dags/Jobs/Load_Data.py
[2024-09-10T13:05:01.288+0100] {processor.py:842} WARNING - No viable dags retrieved from /home/huser/airflow_workspace/airflow/dags/Jobs/Load_Data.py
[2024-09-10T13:05:01.348+0100] {processor.py:183} INFO - Processing /home/huser/airflow_workspace/airflow/dags/Jobs/Load_Data.py took 0.575 seconds
[2024-09-10T13:05:39.283+0100] {processor.py:161} INFO - Started process (PID=215062) to work on /home/huser/airflow_workspace/airflow/dags/Jobs/Load_Data.py
[2024-09-10T13:05:39.287+0100] {processor.py:830} INFO - Processing file /home/huser/airflow_workspace/airflow/dags/Jobs/Load_Data.py for tasks to queue
[2024-09-10T13:05:39.290+0100] {logging_mixin.py:188} INFO - [2024-09-10T13:05:39.289+0100] {dagbag.py:545} INFO - Filling up the DagBag from /home/huser/airflow_workspace/airflow/dags/Jobs/Load_Data.py
[2024-09-10T13:05:40.192+0100] {processor.py:842} WARNING - No viable dags retrieved from /home/huser/airflow_workspace/airflow/dags/Jobs/Load_Data.py
[2024-09-10T13:05:40.259+0100] {processor.py:183} INFO - Processing /home/huser/airflow_workspace/airflow/dags/Jobs/Load_Data.py took 1.007 seconds
[2024-09-10T13:06:12.515+0100] {processor.py:161} INFO - Started process (PID=215165) to work on /home/huser/airflow_workspace/airflow/dags/Jobs/Load_Data.py
[2024-09-10T13:06:12.517+0100] {processor.py:830} INFO - Processing file /home/huser/airflow_workspace/airflow/dags/Jobs/Load_Data.py for tasks to queue
[2024-09-10T13:06:12.518+0100] {logging_mixin.py:188} INFO - [2024-09-10T13:06:12.518+0100] {dagbag.py:545} INFO - Filling up the DagBag from /home/huser/airflow_workspace/airflow/dags/Jobs/Load_Data.py
[2024-09-10T13:06:12.836+0100] {processor.py:842} WARNING - No viable dags retrieved from /home/huser/airflow_workspace/airflow/dags/Jobs/Load_Data.py
[2024-09-10T13:06:12.870+0100] {processor.py:183} INFO - Processing /home/huser/airflow_workspace/airflow/dags/Jobs/Load_Data.py took 0.365 seconds
[2024-09-10T13:06:43.107+0100] {processor.py:161} INFO - Started process (PID=215278) to work on /home/huser/airflow_workspace/airflow/dags/Jobs/Load_Data.py
[2024-09-10T13:06:43.108+0100] {processor.py:830} INFO - Processing file /home/huser/airflow_workspace/airflow/dags/Jobs/Load_Data.py for tasks to queue
[2024-09-10T13:06:43.109+0100] {logging_mixin.py:188} INFO - [2024-09-10T13:06:43.109+0100] {dagbag.py:545} INFO - Filling up the DagBag from /home/huser/airflow_workspace/airflow/dags/Jobs/Load_Data.py
[2024-09-10T13:06:43.416+0100] {processor.py:842} WARNING - No viable dags retrieved from /home/huser/airflow_workspace/airflow/dags/Jobs/Load_Data.py
[2024-09-10T13:06:43.449+0100] {processor.py:183} INFO - Processing /home/huser/airflow_workspace/airflow/dags/Jobs/Load_Data.py took 0.354 seconds
[2024-09-10T13:07:13.871+0100] {processor.py:161} INFO - Started process (PID=215358) to work on /home/huser/airflow_workspace/airflow/dags/Jobs/Load_Data.py
[2024-09-10T13:07:13.876+0100] {processor.py:830} INFO - Processing file /home/huser/airflow_workspace/airflow/dags/Jobs/Load_Data.py for tasks to queue
[2024-09-10T13:07:13.891+0100] {logging_mixin.py:188} INFO - [2024-09-10T13:07:13.884+0100] {dagbag.py:545} INFO - Filling up the DagBag from /home/huser/airflow_workspace/airflow/dags/Jobs/Load_Data.py
