[2024-08-12T21:27:50.979+0100] {local_task_job_runner.py:120} INFO - ::group::Pre task execution logs
[2024-08-12T21:27:51.028+0100] {taskinstance.py:2076} INFO - Dependencies all met for dep_context=non-requeueable deps ti=<TaskInstance: jobs_etl.jungle_scraper scheduled__2024-08-11T18:00:00+00:00 [queued]>
[2024-08-12T21:27:51.036+0100] {taskinstance.py:2076} INFO - Dependencies all met for dep_context=requeueable deps ti=<TaskInstance: jobs_etl.jungle_scraper scheduled__2024-08-11T18:00:00+00:00 [queued]>
[2024-08-12T21:27:51.036+0100] {taskinstance.py:2306} INFO - Starting attempt 3 of 4
[2024-08-12T21:27:51.050+0100] {taskinstance.py:2330} INFO - Executing <Task(PythonOperator): jungle_scraper> on 2024-08-11 18:00:00+00:00
[2024-08-12T21:27:51.062+0100] {standard_task_runner.py:63} INFO - Started process 986272 to run task
[2024-08-12T21:27:51.066+0100] {standard_task_runner.py:90} INFO - Running: ['airflow', 'tasks', 'run', 'jobs_etl', 'jungle_scraper', 'scheduled__2024-08-11T18:00:00+00:00', '--job-id', '353', '--raw', '--subdir', 'DAGS_FOLDER/jobs_etl.py', '--cfg-path', '/tmp/tmpp3fmjh17']
[2024-08-12T21:27:51.069+0100] {standard_task_runner.py:91} INFO - Job 353: Subtask jungle_scraper
[2024-08-12T21:27:51.168+0100] {task_command.py:426} INFO - Running <TaskInstance: jobs_etl.jungle_scraper scheduled__2024-08-11T18:00:00+00:00 [running]> on host huser
[2024-08-12T21:27:51.333+0100] {taskinstance.py:2648} INFO - Exporting env vars: AIRFLOW_CTX_DAG_EMAIL='hassounibarka@gmail.com' AIRFLOW_CTX_DAG_OWNER='airflow' AIRFLOW_CTX_DAG_ID='jobs_etl' AIRFLOW_CTX_TASK_ID='jungle_scraper' AIRFLOW_CTX_EXECUTION_DATE='2024-08-11T18:00:00+00:00' AIRFLOW_CTX_TRY_NUMBER='3' AIRFLOW_CTX_DAG_RUN_ID='scheduled__2024-08-11T18:00:00+00:00'
[2024-08-12T21:27:51.334+0100] {taskinstance.py:430} INFO - ::endgroup::
[2024-08-12T21:28:04.650+0100] {logging_mixin.py:188} INFO - Error Keyword ..
[2024-08-12T21:28:04.651+0100] {logging_mixin.py:188} INFO - 0 Jobs for data Scientist
[2024-08-12T21:28:04.651+0100] {logging_mixin.py:188} INFO - data Scientist Job extraction ...
[2024-08-12T21:28:17.871+0100] {logging_mixin.py:188} INFO - Error Keyword ..
[2024-08-12T21:28:17.871+0100] {logging_mixin.py:188} INFO - 0 Jobs for data analyst
[2024-08-12T21:28:17.871+0100] {logging_mixin.py:188} INFO - data analyst Job extraction ...
[2024-08-12T21:28:30.181+0100] {logging_mixin.py:188} INFO - Error Keyword ..
[2024-08-12T21:28:30.186+0100] {logging_mixin.py:188} INFO - 0 Jobs for data engineer
[2024-08-12T21:28:30.188+0100] {logging_mixin.py:188} INFO - data engineer Job extraction ...
[2024-08-12T21:28:43.578+0100] {logging_mixin.py:188} INFO - Error Keyword ..
[2024-08-12T21:28:43.579+0100] {logging_mixin.py:188} INFO - 0 Jobs for web developer
[2024-08-12T21:28:43.579+0100] {logging_mixin.py:188} INFO - web developer Job extraction ...
[2024-08-12T21:28:56.684+0100] {logging_mixin.py:188} INFO - Error Keyword ..
[2024-08-12T21:28:56.684+0100] {logging_mixin.py:188} INFO - 0 Jobs for mobile developer
[2024-08-12T21:28:56.684+0100] {logging_mixin.py:188} INFO - mobile developer Job extraction ...
[2024-08-12T21:28:56.685+0100] {logging_mixin.py:188} INFO - Done
[2024-08-12T21:28:56.691+0100] {logging_mixin.py:188} INFO - Done!
[2024-08-12T21:28:56.691+0100] {python.py:237} INFO - Done. Returned value was: None
[2024-08-12T21:28:56.692+0100] {taskinstance.py:441} INFO - ::group::Post task execution logs
[2024-08-12T21:28:56.710+0100] {taskinstance.py:1206} INFO - Marking task as SUCCESS. dag_id=jobs_etl, task_id=jungle_scraper, run_id=scheduled__2024-08-11T18:00:00+00:00, execution_date=20240811T180000, start_date=20240812T202751, end_date=20240812T202856
[2024-08-12T21:28:56.734+0100] {local_task_job_runner.py:240} INFO - Task exited with return code 0
[2024-08-12T21:28:56.763+0100] {taskinstance.py:3498} INFO - 1 downstream tasks scheduled from follow-on schedule check
[2024-08-12T21:28:56.765+0100] {local_task_job_runner.py:222} INFO - ::endgroup::
