[2024-08-12T21:20:47.298+0100] {local_task_job_runner.py:120} INFO - ::group::Pre task execution logs
[2024-08-12T21:20:47.332+0100] {taskinstance.py:2076} INFO - Dependencies all met for dep_context=non-requeueable deps ti=<TaskInstance: jobs_etl.jungle_scraper scheduled__2024-08-11T18:00:00+00:00 [queued]>
[2024-08-12T21:20:47.338+0100] {taskinstance.py:2076} INFO - Dependencies all met for dep_context=requeueable deps ti=<TaskInstance: jobs_etl.jungle_scraper scheduled__2024-08-11T18:00:00+00:00 [queued]>
[2024-08-12T21:20:47.338+0100] {taskinstance.py:2306} INFO - Starting attempt 1 of 2
[2024-08-12T21:20:47.346+0100] {taskinstance.py:2330} INFO - Executing <Task(PythonOperator): jungle_scraper> on 2024-08-11 18:00:00+00:00
[2024-08-12T21:20:47.357+0100] {standard_task_runner.py:63} INFO - Started process 983043 to run task
[2024-08-12T21:20:47.360+0100] {standard_task_runner.py:90} INFO - Running: ['airflow', 'tasks', 'run', 'jobs_etl', 'jungle_scraper', 'scheduled__2024-08-11T18:00:00+00:00', '--job-id', '350', '--raw', '--subdir', 'DAGS_FOLDER/jobs_etl.py', '--cfg-path', '/tmp/tmpztatwd_z']
[2024-08-12T21:20:47.362+0100] {standard_task_runner.py:91} INFO - Job 350: Subtask jungle_scraper
[2024-08-12T21:20:47.417+0100] {task_command.py:426} INFO - Running <TaskInstance: jobs_etl.jungle_scraper scheduled__2024-08-11T18:00:00+00:00 [running]> on host huser
[2024-08-12T21:20:47.507+0100] {taskinstance.py:2648} INFO - Exporting env vars: AIRFLOW_CTX_DAG_EMAIL='hassounibarka@gmail.com' AIRFLOW_CTX_DAG_OWNER='airflow' AIRFLOW_CTX_DAG_ID='jobs_etl' AIRFLOW_CTX_TASK_ID='jungle_scraper' AIRFLOW_CTX_EXECUTION_DATE='2024-08-11T18:00:00+00:00' AIRFLOW_CTX_TRY_NUMBER='1' AIRFLOW_CTX_DAG_RUN_ID='scheduled__2024-08-11T18:00:00+00:00'
[2024-08-12T21:20:47.507+0100] {taskinstance.py:430} INFO - ::endgroup::
[2024-08-12T21:21:01.754+0100] {logging_mixin.py:188} INFO - Error Keyword ..
[2024-08-12T21:21:01.755+0100] {logging_mixin.py:188} INFO - 0 Jobs for data Scientist
[2024-08-12T21:21:01.755+0100] {logging_mixin.py:188} INFO - data Scientist Job extraction ...
[2024-08-12T21:21:15.288+0100] {logging_mixin.py:188} INFO - Error Keyword ..
[2024-08-12T21:21:15.288+0100] {logging_mixin.py:188} INFO - 0 Jobs for data analyst
[2024-08-12T21:21:15.288+0100] {logging_mixin.py:188} INFO - data analyst Job extraction ...
[2024-08-12T21:21:27.561+0100] {logging_mixin.py:188} INFO - Error Keyword ..
[2024-08-12T21:21:27.561+0100] {logging_mixin.py:188} INFO - 0 Jobs for data engineer
[2024-08-12T21:21:27.561+0100] {logging_mixin.py:188} INFO - data engineer Job extraction ...
[2024-08-12T21:21:39.745+0100] {logging_mixin.py:188} INFO - Error Keyword ..
[2024-08-12T21:21:39.746+0100] {logging_mixin.py:188} INFO - 0 Jobs for web developer
[2024-08-12T21:21:39.746+0100] {logging_mixin.py:188} INFO - web developer Job extraction ...
[2024-08-12T21:21:51.728+0100] {logging_mixin.py:188} INFO - Error Keyword ..
[2024-08-12T21:21:51.729+0100] {logging_mixin.py:188} INFO - 0 Jobs for mobile developer
[2024-08-12T21:21:51.729+0100] {logging_mixin.py:188} INFO - mobile developer Job extraction ...
[2024-08-12T21:21:51.730+0100] {logging_mixin.py:188} INFO - Done
[2024-08-12T21:21:51.738+0100] {logging_mixin.py:188} INFO - Done!
[2024-08-12T21:21:51.738+0100] {python.py:237} INFO - Done. Returned value was: None
[2024-08-12T21:21:51.738+0100] {taskinstance.py:441} INFO - ::group::Post task execution logs
[2024-08-12T21:21:51.756+0100] {taskinstance.py:1206} INFO - Marking task as SUCCESS. dag_id=jobs_etl, task_id=jungle_scraper, run_id=scheduled__2024-08-11T18:00:00+00:00, execution_date=20240811T180000, start_date=20240812T202047, end_date=20240812T202151
[2024-08-12T21:21:51.798+0100] {local_task_job_runner.py:240} INFO - Task exited with return code 0
[2024-08-12T21:21:51.834+0100] {taskinstance.py:3498} INFO - 1 downstream tasks scheduled from follow-on schedule check
[2024-08-12T21:21:51.836+0100] {local_task_job_runner.py:222} INFO - ::endgroup::
