[2024-08-12T21:24:25.400+0100] {local_task_job_runner.py:120} INFO - ::group::Pre task execution logs
[2024-08-12T21:24:25.452+0100] {taskinstance.py:2076} INFO - Dependencies all met for dep_context=non-requeueable deps ti=<TaskInstance: jobs_etl.jungle_scraper scheduled__2024-08-11T18:00:00+00:00 [queued]>
[2024-08-12T21:24:25.463+0100] {taskinstance.py:2076} INFO - Dependencies all met for dep_context=requeueable deps ti=<TaskInstance: jobs_etl.jungle_scraper scheduled__2024-08-11T18:00:00+00:00 [queued]>
[2024-08-12T21:24:25.464+0100] {taskinstance.py:2306} INFO - Starting attempt 2 of 3
[2024-08-12T21:24:25.481+0100] {taskinstance.py:2330} INFO - Executing <Task(PythonOperator): jungle_scraper> on 2024-08-11 18:00:00+00:00
[2024-08-12T21:24:25.494+0100] {standard_task_runner.py:63} INFO - Started process 985772 to run task
[2024-08-12T21:24:25.501+0100] {standard_task_runner.py:90} INFO - Running: ['airflow', 'tasks', 'run', 'jobs_etl', 'jungle_scraper', 'scheduled__2024-08-11T18:00:00+00:00', '--job-id', '352', '--raw', '--subdir', 'DAGS_FOLDER/jobs_etl.py', '--cfg-path', '/tmp/tmpcwulx__c']
[2024-08-12T21:24:25.503+0100] {standard_task_runner.py:91} INFO - Job 352: Subtask jungle_scraper
[2024-08-12T21:24:25.595+0100] {task_command.py:426} INFO - Running <TaskInstance: jobs_etl.jungle_scraper scheduled__2024-08-11T18:00:00+00:00 [running]> on host huser
[2024-08-12T21:24:25.720+0100] {taskinstance.py:2648} INFO - Exporting env vars: AIRFLOW_CTX_DAG_EMAIL='hassounibarka@gmail.com' AIRFLOW_CTX_DAG_OWNER='airflow' AIRFLOW_CTX_DAG_ID='jobs_etl' AIRFLOW_CTX_TASK_ID='jungle_scraper' AIRFLOW_CTX_EXECUTION_DATE='2024-08-11T18:00:00+00:00' AIRFLOW_CTX_TRY_NUMBER='2' AIRFLOW_CTX_DAG_RUN_ID='scheduled__2024-08-11T18:00:00+00:00'
[2024-08-12T21:24:25.721+0100] {taskinstance.py:430} INFO - ::endgroup::
[2024-08-12T21:24:41.326+0100] {logging_mixin.py:188} INFO - Error Keyword ..
[2024-08-12T21:24:41.326+0100] {logging_mixin.py:188} INFO - 0 Jobs for data Scientist
[2024-08-12T21:24:41.326+0100] {logging_mixin.py:188} INFO - data Scientist Job extraction ...
[2024-08-12T21:24:53.678+0100] {logging_mixin.py:188} INFO - Error Keyword ..
[2024-08-12T21:24:53.678+0100] {logging_mixin.py:188} INFO - 0 Jobs for data analyst
[2024-08-12T21:24:53.678+0100] {logging_mixin.py:188} INFO - data analyst Job extraction ...
[2024-08-12T21:25:05.916+0100] {logging_mixin.py:188} INFO - Error Keyword ..
[2024-08-12T21:25:05.917+0100] {logging_mixin.py:188} INFO - 0 Jobs for data engineer
[2024-08-12T21:25:05.917+0100] {logging_mixin.py:188} INFO - data engineer Job extraction ...
[2024-08-12T21:25:18.051+0100] {logging_mixin.py:188} INFO - Error Keyword ..
[2024-08-12T21:25:18.052+0100] {logging_mixin.py:188} INFO - 0 Jobs for web developer
[2024-08-12T21:25:18.052+0100] {logging_mixin.py:188} INFO - web developer Job extraction ...
[2024-08-12T21:25:30.998+0100] {logging_mixin.py:188} INFO - Error Keyword ..
[2024-08-12T21:25:30.998+0100] {logging_mixin.py:188} INFO - 0 Jobs for mobile developer
[2024-08-12T21:25:30.998+0100] {logging_mixin.py:188} INFO - mobile developer Job extraction ...
[2024-08-12T21:25:30.999+0100] {logging_mixin.py:188} INFO - Done
[2024-08-12T21:25:31.008+0100] {logging_mixin.py:188} INFO - Done!
[2024-08-12T21:25:31.008+0100] {python.py:237} INFO - Done. Returned value was: None
[2024-08-12T21:25:31.009+0100] {taskinstance.py:441} INFO - ::group::Post task execution logs
[2024-08-12T21:25:31.028+0100] {taskinstance.py:1206} INFO - Marking task as SUCCESS. dag_id=jobs_etl, task_id=jungle_scraper, run_id=scheduled__2024-08-11T18:00:00+00:00, execution_date=20240811T180000, start_date=20240812T202425, end_date=20240812T202531
[2024-08-12T21:25:31.091+0100] {local_task_job_runner.py:240} INFO - Task exited with return code 0
[2024-08-12T21:25:31.130+0100] {taskinstance.py:3498} INFO - 0 downstream tasks scheduled from follow-on schedule check
[2024-08-12T21:25:31.136+0100] {local_task_job_runner.py:222} INFO - ::endgroup::
